const express = require('express');
const router = express.Router();
const pool = require('../db');
const authMiddleware = require('../middleware/auth');

// POST /api/custom-requests - post a custom skill request
router.post('/', authMiddleware, async (req, res) => {
  const { title, description } = req.body;
  const user_id = req.user.id;

  if (!title || !title.trim()) {
    return res.status(400).json({ error: 'Title is required' });
  }

  try {
    const result = await pool.query(
      'INSERT INTO custom_skill_requests (user_id, title, description) VALUES ($1, $2, $3) RETURNING *',
      [user_id, title.trim(), description ? description.trim() : null]
    );

    const withUser = await pool.query(
      'SELECT cr.*, u.name as user_name, u.badge as user_badge FROM custom_skill_requests cr JOIN users u ON cr.user_id = u.id WHERE cr.id = $1',
      [result.rows[0].id]
    );

    res.status(201).json(withUser.rows[0]);
  } catch (err) {
    console.error('Create custom request error:', err);
    res.status(500).json({ error: 'Server error creating custom request' });
  }
});

// GET /api/custom-requests - list all custom skill requests
router.get('/', authMiddleware, async (req, res) => {
  try {
    const result = await pool.query(
      'SELECT cr.*, u.name as user_name, u.badge as user_badge FROM custom_skill_requests cr JOIN users u ON cr.user_id = u.id ORDER BY cr.created_at DESC'
    );
    res.json(result.rows);
  } catch (err) {
    console.error('Get custom requests error:', err);
    res.status(500).json({ error: 'Server error fetching custom requests' });
  }
});

module.exports = router;
